2019-12-06 09:57:07.7612|INFO|ProjectManager.Utils.LoggingUtility|Operation Result Format: JSON
Request ID: 80000008-0003-fc00-b63f-84710c7967bb
Method: POST
URL: http://localhost:50830/api/user/add
Controller : ProjectManager.Controllers.UserController
Action : InsertUserDetails
Action Parameters : System.Web.Http.Tracing.ITraceWriterExtensions+<>c__DisplayClass14_0

2019-12-06 09:57:07.7612|INFO|ProjectManager.Utils.LoggingUtility|Operation Result Format: JSON
Request ID: 80000008-0003-fc00-b63f-84710c7967bb
Method: POST
URL: http://localhost:50830/api/user/add
Controller : ProjectManager.Controllers.UserController
Action : InsertUserDetails
Action Parameters : System.Web.Http.Tracing.ITraceWriterExtensions+<>c__DisplayClass14_0

2019-12-06 09:57:07.8492|INFO|ProjectManager.Utils.LoggingUtility|Operation Result Format: JSON
Request ID: 80000009-0003-fc00-b63f-84710c7967bb
Method: GET
URL: http://localhost:50830/api/user
Controller : ProjectManager.Controllers.UserController
Action : GetUser
Action Parameters : System.Web.Http.Tracing.ITraceWriterExtensions+<>c__DisplayClass14_0

2019-12-06 09:57:07.8512|INFO|ProjectManager.Utils.LoggingUtility|Operation Result Format: JSON
Request ID: 80000009-0003-fc00-b63f-84710c7967bb
Method: GET
URL: http://localhost:50830/api/user
Controller : ProjectManager.Controllers.UserController
Action : GetUser
Action Parameters : System.Web.Http.Tracing.ITraceWriterExtensions+<>c__DisplayClass14_0

2019-12-06 09:57:11.7137|INFO|ProjectManager.Utils.LoggingUtility|Operation Result Format: JSON
Request ID: 8000000a-0003-fc00-b63f-84710c7967bb
Method: GET
URL: http://localhost:50830/api/project
Controller : ProjectManager.Controllers.ProjectController
Action : RetrieveProjects
Action Parameters : System.Web.Http.Tracing.ITraceWriterExtensions+<>c__DisplayClass14_0

2019-12-06 09:57:11.7137|INFO|ProjectManager.Utils.LoggingUtility|Operation Result Format: JSON
Request ID: 8000000a-0003-fc00-b63f-84710c7967bb
Method: GET
URL: http://localhost:50830/api/project
Controller : ProjectManager.Controllers.ProjectController
Action : RetrieveProjects
Action Parameters : System.Web.Http.Tracing.ITraceWriterExtensions+<>c__DisplayClass14_0

2019-12-06 09:57:22.1416|INFO|ProjectManager.Utils.LoggingUtility|Operation Result Format: JSON
Request ID: 8000000b-0003-fc00-b63f-84710c7967bb
Method: GET
URL: http://localhost:50830/api/project
Controller : ProjectManager.Controllers.ProjectController
Action : RetrieveProjects
Action Parameters : System.Web.Http.Tracing.ITraceWriterExtensions+<>c__DisplayClass14_0

2019-12-06 09:57:22.1416|INFO|ProjectManager.Utils.LoggingUtility|Operation Result Format: JSON
Request ID: 8000000b-0003-fc00-b63f-84710c7967bb
Method: GET
URL: http://localhost:50830/api/project
Controller : ProjectManager.Controllers.ProjectController
Action : RetrieveProjects
Action Parameters : System.Web.Http.Tracing.ITraceWriterExtensions+<>c__DisplayClass14_0

2019-12-06 09:57:25.2926|INFO|ProjectManager.Utils.LoggingUtility|Operation Result Format: JSON
Request ID: 8000000c-0003-fc00-b63f-84710c7967bb
Method: GET
URL: http://localhost:50830/api/user
Controller : ProjectManager.Controllers.UserController
Action : GetUser
Action Parameters : System.Web.Http.Tracing.ITraceWriterExtensions+<>c__DisplayClass14_0

2019-12-06 09:57:25.2926|INFO|ProjectManager.Utils.LoggingUtility|Operation Result Format: JSON
Request ID: 8000000c-0003-fc00-b63f-84710c7967bb
Method: GET
URL: http://localhost:50830/api/user
Controller : ProjectManager.Controllers.UserController
Action : GetUser
Action Parameters : System.Web.Http.Tracing.ITraceWriterExtensions+<>c__DisplayClass14_0

2019-12-06 09:57:25.2926|INFO|ProjectManager.Utils.LoggingUtility|Operation Result Format: JSON
Request ID: 80000049-0003-ff00-b63f-84710c7967bb
Method: GET
URL: http://localhost:50830/api/project
Controller : ProjectManager.Controllers.ProjectController
Action : RetrieveProjects
Action Parameters : System.Web.Http.Tracing.ITraceWriterExtensions+<>c__DisplayClass14_0

2019-12-06 09:57:25.3286|INFO|ProjectManager.Utils.LoggingUtility|Operation Result Format: JSON
Request ID: 80000049-0003-ff00-b63f-84710c7967bb
Method: GET
URL: http://localhost:50830/api/project
Controller : ProjectManager.Controllers.ProjectController
Action : RetrieveProjects
Action Parameters : System.Web.Http.Tracing.ITraceWriterExtensions+<>c__DisplayClass14_0

2019-12-06 09:57:38.7486|INFO|ProjectManager.Utils.LoggingUtility|Operation Result Format: JSON
Request ID: 8000004b-0003-ff00-b63f-84710c7967bb
Method: POST
URL: http://localhost:50830/api/project/add
Controller : ProjectManager.Controllers.ProjectController
Action : InsertProjectDetails
Action Parameters : System.Web.Http.Tracing.ITraceWriterExtensions+<>c__DisplayClass14_0

2019-12-06 09:57:38.7486|INFO|ProjectManager.Utils.LoggingUtility|Operation Result Format: JSON
Request ID: 8000004b-0003-ff00-b63f-84710c7967bb
Method: POST
URL: http://localhost:50830/api/project/add
Controller : ProjectManager.Controllers.ProjectController
Action : InsertProjectDetails
Action Parameters : System.Web.Http.Tracing.ITraceWriterExtensions+<>c__DisplayClass14_0

2019-12-06 09:57:38.8366|INFO|ProjectManager.Utils.LoggingUtility|Operation Result Format: JSON
Request ID: 8000004c-0003-ff00-b63f-84710c7967bb
Method: GET
URL: http://localhost:50830/api/user
Controller : ProjectManager.Controllers.UserController
Action : GetUser
Action Parameters : System.Web.Http.Tracing.ITraceWriterExtensions+<>c__DisplayClass14_0

2019-12-06 09:57:38.8366|INFO|ProjectManager.Utils.LoggingUtility|Operation Result Format: JSON
Request ID: 8000004c-0003-ff00-b63f-84710c7967bb
Method: GET
URL: http://localhost:50830/api/user
Controller : ProjectManager.Controllers.UserController
Action : GetUser
Action Parameters : System.Web.Http.Tracing.ITraceWriterExtensions+<>c__DisplayClass14_0

2019-12-06 09:57:38.8596|INFO|ProjectManager.Utils.LoggingUtility|Operation Result Format: JSON
Request ID: 8000000d-0003-fc00-b63f-84710c7967bb
Method: GET
URL: http://localhost:50830/api/project
Controller : ProjectManager.Controllers.ProjectController
Action : RetrieveProjects
Action Parameters : System.Web.Http.Tracing.ITraceWriterExtensions+<>c__DisplayClass14_0

2019-12-06 09:57:38.8596|INFO|ProjectManager.Utils.LoggingUtility|Operation Result Format: JSON
Request ID: 8000000d-0003-fc00-b63f-84710c7967bb
Method: GET
URL: http://localhost:50830/api/project
Controller : ProjectManager.Controllers.ProjectController
Action : RetrieveProjects
Action Parameters : System.Web.Http.Tracing.ITraceWriterExtensions+<>c__DisplayClass14_0

2019-12-06 09:57:44.0327|INFO|ProjectManager.Utils.LoggingUtility|Operation Result Format: JSON
Request ID: 8000000e-0003-fc00-b63f-84710c7967bb
Method: GET
URL: http://localhost:50830/api/project
Controller : ProjectManager.Controllers.ProjectController
Action : RetrieveProjects
Action Parameters : System.Web.Http.Tracing.ITraceWriterExtensions+<>c__DisplayClass14_0

2019-12-06 09:57:44.0327|INFO|ProjectManager.Utils.LoggingUtility|Operation Result Format: JSON
Request ID: 8000000e-0003-fc00-b63f-84710c7967bb
Method: GET
URL: http://localhost:50830/api/project
Controller : ProjectManager.Controllers.ProjectController
Action : RetrieveProjects
Action Parameters : System.Web.Http.Tracing.ITraceWriterExtensions+<>c__DisplayClass14_0

2019-12-06 09:57:48.9951|INFO|ProjectManager.Utils.LoggingUtility|Operation Result Format: JSON
Request ID: 8000000f-0003-fc00-b63f-84710c7967bb
Method: GET
URL: http://localhost:50830/api/task/parent
Controller : ProjectManager.Controllers.TaskController
Action : RetrieveParentTasks
Action Parameters : System.Web.Http.Tracing.ITraceWriterExtensions+<>c__DisplayClass14_0

2019-12-06 09:57:48.9951|INFO|ProjectManager.Utils.LoggingUtility|Operation Result Format: JSON
Request ID: 8000000f-0003-fc00-b63f-84710c7967bb
Method: GET
URL: http://localhost:50830/api/task/parent
Controller : ProjectManager.Controllers.TaskController
Action : RetrieveParentTasks
Action Parameters : System.Web.Http.Tracing.ITraceWriterExtensions+<>c__DisplayClass14_0

2019-12-06 09:57:54.8119|INFO|ProjectManager.Utils.LoggingUtility|Operation Result Format: JSON
Request ID: 80000010-0003-fc00-b63f-84710c7967bb
Method: GET
URL: http://localhost:50830/api/user
Controller : ProjectManager.Controllers.UserController
Action : GetUser
Action Parameters : System.Web.Http.Tracing.ITraceWriterExtensions+<>c__DisplayClass14_0

2019-12-06 09:57:54.8119|INFO|ProjectManager.Utils.LoggingUtility|Operation Result Format: JSON
Request ID: 80000010-0003-fc00-b63f-84710c7967bb
Method: GET
URL: http://localhost:50830/api/user
Controller : ProjectManager.Controllers.UserController
Action : GetUser
Action Parameters : System.Web.Http.Tracing.ITraceWriterExtensions+<>c__DisplayClass14_0

2019-12-06 09:58:08.9915|INFO|ProjectManager.Utils.LoggingUtility|Operation Result Format: JSON
Request ID: 80000012-0003-fc00-b63f-84710c7967bb
Method: POST
URL: http://localhost:50830/api/task/add
Controller : ProjectManager.Controllers.TaskController
Action : InsertTaskDetails
Action Parameters : System.Web.Http.Tracing.ITraceWriterExtensions+<>c__DisplayClass14_0

2019-12-06 09:58:08.9915|INFO|ProjectManager.Utils.LoggingUtility|Operation Result Format: JSON
Request ID: 80000012-0003-fc00-b63f-84710c7967bb
Method: POST
URL: http://localhost:50830/api/task/add
Controller : ProjectManager.Controllers.TaskController
Action : InsertTaskDetails
Action Parameters : System.Web.Http.Tracing.ITraceWriterExtensions+<>c__DisplayClass14_0

2019-12-06 09:58:10.8011|INFO|ProjectManager.Utils.LoggingUtility|Operation Result Format: JSON
Request ID: 80000013-0003-fc00-b63f-84710c7967bb
Method: GET
URL: http://localhost:50830/api/user
Controller : ProjectManager.Controllers.UserController
Action : GetUser
Action Parameters : System.Web.Http.Tracing.ITraceWriterExtensions+<>c__DisplayClass14_0

2019-12-06 09:58:10.8011|INFO|ProjectManager.Utils.LoggingUtility|Operation Result Format: JSON
Request ID: 80000013-0003-fc00-b63f-84710c7967bb
Method: GET
URL: http://localhost:50830/api/user
Controller : ProjectManager.Controllers.UserController
Action : GetUser
Action Parameters : System.Web.Http.Tracing.ITraceWriterExtensions+<>c__DisplayClass14_0

2019-12-06 09:58:14.2852|INFO|ProjectManager.Utils.LoggingUtility|Operation Result Format: JSON
Request ID: 80000014-0003-fc00-b63f-84710c7967bb
Method: GET
URL: http://localhost:50830/api/project
Controller : ProjectManager.Controllers.ProjectController
Action : RetrieveProjects
Action Parameters : System.Web.Http.Tracing.ITraceWriterExtensions+<>c__DisplayClass14_0

2019-12-06 09:58:14.2852|INFO|ProjectManager.Utils.LoggingUtility|Operation Result Format: JSON
Request ID: 80000014-0003-fc00-b63f-84710c7967bb
Method: GET
URL: http://localhost:50830/api/project
Controller : ProjectManager.Controllers.ProjectController
Action : RetrieveProjects
Action Parameters : System.Web.Http.Tracing.ITraceWriterExtensions+<>c__DisplayClass14_0

2019-12-06 09:58:17.5397|INFO|ProjectManager.Utils.LoggingUtility|Operation Result Format: JSON
Request ID: 80000015-0003-fc00-b63f-84710c7967bb
Method: GET
URL: http://localhost:50830/api/task?projectId=1
Controller : ProjectManager.Controllers.TaskController
Action : RetrieveTaskByProjectId
Action Parameters : System.Web.Http.Tracing.ITraceWriterExtensions+<>c__DisplayClass14_0

2019-12-06 09:58:17.5397|INFO|ProjectManager.Utils.LoggingUtility|Operation Result Format: JSON
Request ID: 80000015-0003-fc00-b63f-84710c7967bb
Method: GET
URL: http://localhost:50830/api/task?projectId=1
Controller : ProjectManager.Controllers.TaskController
Action : RetrieveTaskByProjectId
Action Parameters : System.Web.Http.Tracing.ITraceWriterExtensions+<>c__DisplayClass14_0

2019-12-06 10:37:10.9774|INFO|ProjectManager.Utils.LoggingUtility|Operation Result Format: JSON
Request ID: 80000016-0000-f900-b63f-84710c7967bb
Method: GET
URL: http://localhost:50830/api/user
Controller : ProjectManager.Controllers.UserController
Action : GetUser
Action Parameters : System.Web.Http.Tracing.ITraceWriterExtensions+<>c__DisplayClass14_0

2019-12-06 10:37:11.0174|INFO|ProjectManager.Utils.LoggingUtility|Operation Result Format: JSON
Request ID: 80000016-0000-f900-b63f-84710c7967bb
Method: GET
URL: http://localhost:50830/api/user
Controller : ProjectManager.Controllers.UserController
Action : GetUser
Action Parameters : System.Web.Http.Tracing.ITraceWriterExtensions+<>c__DisplayClass14_0

2019-12-06 10:37:47.7117|INFO|ProjectManager.Utils.LoggingUtility|Operation Result Format: JSON
Request ID: 80000018-0000-f900-b63f-84710c7967bb
Method: POST
URL: http://localhost:50830/api/user/add
Controller : ProjectManager.Controllers.UserController
Action : InsertUserDetails
Action Parameters : System.Web.Http.Tracing.ITraceWriterExtensions+<>c__DisplayClass14_0

2019-12-06 10:37:47.7117|INFO|ProjectManager.Utils.LoggingUtility|Operation Result Format: JSON
Request ID: 80000018-0000-f900-b63f-84710c7967bb
Method: POST
URL: http://localhost:50830/api/user/add
Controller : ProjectManager.Controllers.UserController
Action : InsertUserDetails
Action Parameters : System.Web.Http.Tracing.ITraceWriterExtensions+<>c__DisplayClass14_0

2019-12-06 10:37:47.7677|INFO|ProjectManager.Utils.LoggingUtility|Operation Result Format: JSON
Request ID: 80000019-0000-f900-b63f-84710c7967bb
Method: GET
URL: http://localhost:50830/api/user
Controller : ProjectManager.Controllers.UserController
Action : GetUser
Action Parameters : System.Web.Http.Tracing.ITraceWriterExtensions+<>c__DisplayClass14_0

2019-12-06 10:37:47.7677|INFO|ProjectManager.Utils.LoggingUtility|Operation Result Format: JSON
Request ID: 80000019-0000-f900-b63f-84710c7967bb
Method: GET
URL: http://localhost:50830/api/user
Controller : ProjectManager.Controllers.UserController
Action : GetUser
Action Parameters : System.Web.Http.Tracing.ITraceWriterExtensions+<>c__DisplayClass14_0

2019-12-06 10:37:50.8397|INFO|ProjectManager.Utils.LoggingUtility|Operation Result Format: JSON
Request ID: 8000001a-0000-f900-b63f-84710c7967bb
Method: GET
URL: http://localhost:50830/api/project
Controller : ProjectManager.Controllers.ProjectController
Action : RetrieveProjects
Action Parameters : System.Web.Http.Tracing.ITraceWriterExtensions+<>c__DisplayClass14_0

2019-12-06 10:37:50.8397|INFO|ProjectManager.Utils.LoggingUtility|Operation Result Format: JSON
Request ID: 8000001a-0000-f900-b63f-84710c7967bb
Method: GET
URL: http://localhost:50830/api/project
Controller : ProjectManager.Controllers.ProjectController
Action : RetrieveProjects
Action Parameters : System.Web.Http.Tracing.ITraceWriterExtensions+<>c__DisplayClass14_0

2019-12-06 10:37:55.0145|INFO|ProjectManager.Utils.LoggingUtility|Operation Result Format: JSON
Request ID: 80000011-0001-f900-b63f-84710c7967bb
Method: GET
URL: http://localhost:50830/api/project
Controller : ProjectManager.Controllers.ProjectController
Action : RetrieveProjects
Action Parameters : System.Web.Http.Tracing.ITraceWriterExtensions+<>c__DisplayClass14_0

2019-12-06 10:37:55.0145|INFO|ProjectManager.Utils.LoggingUtility|Operation Result Format: JSON
Request ID: 8000001b-0000-f900-b63f-84710c7967bb
Method: GET
URL: http://localhost:50830/api/user
Controller : ProjectManager.Controllers.UserController
Action : GetUser
Action Parameters : System.Web.Http.Tracing.ITraceWriterExtensions+<>c__DisplayClass14_0

2019-12-06 10:37:55.0145|INFO|ProjectManager.Utils.LoggingUtility|Operation Result Format: JSON
Request ID: 8000001b-0000-f900-b63f-84710c7967bb
Method: GET
URL: http://localhost:50830/api/user
Controller : ProjectManager.Controllers.UserController
Action : GetUser
Action Parameters : System.Web.Http.Tracing.ITraceWriterExtensions+<>c__DisplayClass14_0

2019-12-06 10:37:55.0145|INFO|ProjectManager.Utils.LoggingUtility|Operation Result Format: JSON
Request ID: 80000011-0001-f900-b63f-84710c7967bb
Method: GET
URL: http://localhost:50830/api/project
Controller : ProjectManager.Controllers.ProjectController
Action : RetrieveProjects
Action Parameters : System.Web.Http.Tracing.ITraceWriterExtensions+<>c__DisplayClass14_0

2019-12-06 10:38:11.1018|INFO|ProjectManager.Utils.LoggingUtility|Operation Result Format: JSON
Request ID: 80000013-0001-f900-b63f-84710c7967bb
Method: POST
URL: http://localhost:50830/api/project/add
Controller : ProjectManager.Controllers.ProjectController
Action : InsertProjectDetails
Action Parameters : System.Web.Http.Tracing.ITraceWriterExtensions+<>c__DisplayClass14_0

2019-12-06 10:38:11.1018|INFO|ProjectManager.Utils.LoggingUtility|Operation Result Format: JSON
Request ID: 80000013-0001-f900-b63f-84710c7967bb
Method: POST
URL: http://localhost:50830/api/project/add
Controller : ProjectManager.Controllers.ProjectController
Action : InsertProjectDetails
Action Parameters : System.Web.Http.Tracing.ITraceWriterExtensions+<>c__DisplayClass14_0

2019-12-06 10:38:11.2148|INFO|ProjectManager.Utils.LoggingUtility|Operation Result Format: JSON
Request ID: 80000014-0001-f900-b63f-84710c7967bb
Method: GET
URL: http://localhost:50830/api/user
Controller : ProjectManager.Controllers.UserController
Action : GetUser
Action Parameters : System.Web.Http.Tracing.ITraceWriterExtensions+<>c__DisplayClass14_0

2019-12-06 10:38:11.2148|INFO|ProjectManager.Utils.LoggingUtility|Operation Result Format: JSON
Request ID: 80000014-0001-f900-b63f-84710c7967bb
Method: GET
URL: http://localhost:50830/api/user
Controller : ProjectManager.Controllers.UserController
Action : GetUser
Action Parameters : System.Web.Http.Tracing.ITraceWriterExtensions+<>c__DisplayClass14_0

2019-12-06 10:38:11.2148|INFO|ProjectManager.Utils.LoggingUtility|Operation Result Format: JSON
Request ID: 8000001c-0000-f900-b63f-84710c7967bb
Method: GET
URL: http://localhost:50830/api/project
Controller : ProjectManager.Controllers.ProjectController
Action : RetrieveProjects
Action Parameters : System.Web.Http.Tracing.ITraceWriterExtensions+<>c__DisplayClass14_0

2019-12-06 10:38:11.2318|INFO|ProjectManager.Utils.LoggingUtility|Operation Result Format: JSON
Request ID: 8000001c-0000-f900-b63f-84710c7967bb
Method: GET
URL: http://localhost:50830/api/project
Controller : ProjectManager.Controllers.ProjectController
Action : RetrieveProjects
Action Parameters : System.Web.Http.Tracing.ITraceWriterExtensions+<>c__DisplayClass14_0

2019-12-06 10:38:17.9151|INFO|ProjectManager.Utils.LoggingUtility|Operation Result Format: JSON
Request ID: 8000001d-0000-f900-b63f-84710c7967bb
Method: GET
URL: http://localhost:50830/api/project
Controller : ProjectManager.Controllers.ProjectController
Action : RetrieveProjects
Action Parameters : System.Web.Http.Tracing.ITraceWriterExtensions+<>c__DisplayClass14_0

2019-12-06 10:38:17.9151|INFO|ProjectManager.Utils.LoggingUtility|Operation Result Format: JSON
Request ID: 8000001d-0000-f900-b63f-84710c7967bb
Method: GET
URL: http://localhost:50830/api/project
Controller : ProjectManager.Controllers.ProjectController
Action : RetrieveProjects
Action Parameters : System.Web.Http.Tracing.ITraceWriterExtensions+<>c__DisplayClass14_0

2019-12-06 10:38:27.6535|INFO|ProjectManager.Utils.LoggingUtility|Operation Result Format: JSON
Request ID: 8000001e-0000-f900-b63f-84710c7967bb
Method: GET
URL: http://localhost:50830/api/user
Controller : ProjectManager.Controllers.UserController
Action : GetUser
Action Parameters : System.Web.Http.Tracing.ITraceWriterExtensions+<>c__DisplayClass14_0

2019-12-06 10:38:27.6535|INFO|ProjectManager.Utils.LoggingUtility|Operation Result Format: JSON
Request ID: 8000001e-0000-f900-b63f-84710c7967bb
Method: GET
URL: http://localhost:50830/api/user
Controller : ProjectManager.Controllers.UserController
Action : GetUser
Action Parameters : System.Web.Http.Tracing.ITraceWriterExtensions+<>c__DisplayClass14_0

2019-12-06 10:38:32.6170|INFO|ProjectManager.Utils.LoggingUtility|Operation Result Format: JSON
Request ID: 80000020-0000-f900-b63f-84710c7967bb
Method: POST
URL: http://localhost:50830/api/task/add
Controller : ProjectManager.Controllers.TaskController
Action : InsertTaskDetails
Action Parameters : System.Web.Http.Tracing.ITraceWriterExtensions+<>c__DisplayClass14_0

2019-12-06 10:38:32.6170|INFO|ProjectManager.Utils.LoggingUtility|Operation Result Format: JSON
Request ID: 80000020-0000-f900-b63f-84710c7967bb
Method: POST
URL: http://localhost:50830/api/task/add
Controller : ProjectManager.Controllers.TaskController
Action : InsertTaskDetails
Action Parameters : System.Web.Http.Tracing.ITraceWriterExtensions+<>c__DisplayClass14_0

2019-12-06 10:38:35.1454|INFO|ProjectManager.Utils.LoggingUtility|Operation Result Format: JSON
Request ID: 80000021-0000-f900-b63f-84710c7967bb
Method: GET
URL: http://localhost:50830/api/user
Controller : ProjectManager.Controllers.UserController
Action : GetUser
Action Parameters : System.Web.Http.Tracing.ITraceWriterExtensions+<>c__DisplayClass14_0

2019-12-06 10:38:35.1474|INFO|ProjectManager.Utils.LoggingUtility|Operation Result Format: JSON
Request ID: 80000021-0000-f900-b63f-84710c7967bb
Method: GET
URL: http://localhost:50830/api/user
Controller : ProjectManager.Controllers.UserController
Action : GetUser
Action Parameters : System.Web.Http.Tracing.ITraceWriterExtensions+<>c__DisplayClass14_0

2019-12-06 10:38:36.0384|INFO|ProjectManager.Utils.LoggingUtility|Operation Result Format: JSON
Request ID: 80000022-0000-f900-b63f-84710c7967bb
Method: GET
URL: http://localhost:50830/api/project
Controller : ProjectManager.Controllers.ProjectController
Action : RetrieveProjects
Action Parameters : System.Web.Http.Tracing.ITraceWriterExtensions+<>c__DisplayClass14_0

2019-12-06 10:38:36.0384|INFO|ProjectManager.Utils.LoggingUtility|Operation Result Format: JSON
Request ID: 80000022-0000-f900-b63f-84710c7967bb
Method: GET
URL: http://localhost:50830/api/project
Controller : ProjectManager.Controllers.ProjectController
Action : RetrieveProjects
Action Parameters : System.Web.Http.Tracing.ITraceWriterExtensions+<>c__DisplayClass14_0

2019-12-06 10:38:39.9532|INFO|ProjectManager.Utils.LoggingUtility|Operation Result Format: JSON
Request ID: 80000023-0000-f900-b63f-84710c7967bb
Method: GET
URL: http://localhost:50830/api/task?projectId=1
Controller : ProjectManager.Controllers.TaskController
Action : RetrieveTaskByProjectId
Action Parameters : System.Web.Http.Tracing.ITraceWriterExtensions+<>c__DisplayClass14_0

2019-12-06 10:38:39.9532|INFO|ProjectManager.Utils.LoggingUtility|Operation Result Format: JSON
Request ID: 80000023-0000-f900-b63f-84710c7967bb
Method: GET
URL: http://localhost:50830/api/task?projectId=1
Controller : ProjectManager.Controllers.TaskController
Action : RetrieveTaskByProjectId
Action Parameters : System.Web.Http.Tracing.ITraceWriterExtensions+<>c__DisplayClass14_0

